<?xml version="1.0" encoding="UTF-8"?>
<!-- Generated by org.testng.reporters.JUnitReportReporter -->
<testsuite hostname="Sruthi" failures="0" tests="3" name="testNG.Extepgm" time="0.000" errors="0" timestamp="2024-05-30T11:41:27 IST" skipped="3">
  <testcase classname="testNG.Extepgm" name="fbtitleverification" time="0.000">
    <skipped/>
  </testcase> <!-- fbtitleverification -->
  <system-out/>
  <testcase classname="testNG.Extepgm" name="fbbuttontest" time="0.000">
    <skipped/>
  </testcase> <!-- fbbuttontest -->
  <system-out/>
  <testcase classname="testNG.Extepgm" name="fblogotest" time="0.000">
    <skipped/>
  </testcase> <!-- fblogotest -->
  <system-out/>
</testsuite> <!-- testNG.Extepgm -->
