<?xml version="1.0" encoding="UTF-8"?>
<!-- Generated by org.testng.reporters.JUnitReportReporter -->
<testsuite hostname="Sruthi" failures="0" tests="1" name="testNG.ScrolldownPgm" time="0.000" errors="0" timestamp="2024-05-30T11:41:27 IST" skipped="1">
  <testcase classname="testNG.ScrolldownPgm" name="test" time="0.000">
    <skipped/>
  </testcase> <!-- test -->
  <system-out/>
</testsuite> <!-- testNG.ScrolldownPgm -->
