<?xml version="1.0" encoding="UTF-8"?>
<!-- Generated by org.testng.reporters.JUnitReportReporter -->
<testsuite hostname="Sruthi" failures="0" tests="1" name="testNG.DatadrivenPgm" time="7.685" errors="0" timestamp="2024-05-31T09:34:37 IST" skipped="0">
  <testcase classname="testNG.DatadrivenPgm" name="test" time="7.685"/>
  <system-out/>
</testsuite> <!-- testNG.DatadrivenPgm -->
