<?xml version="1.0" encoding="UTF-8"?>
<!-- Generated by org.testng.reporters.JUnitReportReporter -->
<testsuite hostname="Sruthi" failures="0" tests="5" name="testNG.GroupPgm" time="0.000" errors="0" timestamp="2024-05-30T11:41:27 IST" skipped="5">
  <testcase classname="testNG.GroupPgm" name="main5" time="0.000">
    <skipped/>
  </testcase> <!-- main5 -->
  <system-out/>
  <testcase classname="testNG.GroupPgm" name="main4" time="0.000">
    <skipped/>
  </testcase> <!-- main4 -->
  <system-out/>
  <testcase classname="testNG.GroupPgm" name="main1" time="0.000">
    <skipped/>
  </testcase> <!-- main1 -->
  <system-out/>
  <testcase classname="testNG.GroupPgm" name="main2" time="0.000">
    <skipped/>
  </testcase> <!-- main2 -->
  <system-out/>
  <testcase classname="testNG.GroupPgm" name="main3" time="0.000">
    <skipped/>
  </testcase> <!-- main3 -->
  <system-out/>
</testsuite> <!-- testNG.GroupPgm -->
