<?xml version="1.0" encoding="UTF-8"?>
<!-- Generated by org.testng.reporters.JUnitReportReporter -->
<testsuite hostname="Sruthi" failures="0" tests="1" name="testNG.DatePicker1" time="0.000" errors="0" timestamp="2024-05-30T11:41:27 IST" skipped="1">
  <testcase classname="testNG.DatePicker1" name="testlogin" time="0.000">
    <skipped/>
  </testcase> <!-- testlogin -->
  <system-out/>
</testsuite> <!-- testNG.DatePicker1 -->
