<?xml version="1.0" encoding="UTF-8"?>
<!-- Generated by org.testng.reporters.JUnitReportReporter -->
<testsuite hostname="Sruthi" failures="0" tests="1" name="test.FbLoginTest" time="2.165" errors="0" timestamp="2024-05-31T10:28:39 IST" skipped="0">
  <testcase classname="test.FbLoginTest" name="test" time="2.165"/>
  <system-out/>
</testsuite> <!-- test.FbLoginTest -->
