<?xml version="1.0" encoding="UTF-8"?>
<!-- Generated by org.testng.reporters.JUnitReportReporter -->
<testsuite hostname="Sruthi" failures="0" tests="1" name="assignment.saucedemo" time="9.364" errors="0" timestamp="2024-06-12T16:23:14 IST" skipped="0">
  <testcase classname="assignment.saucedemo" name="test" time="9.364"/>
  <system-out/>
</testsuite> <!-- assignment.saucedemo -->
