<?xml version="1.0" encoding="UTF-8"?>
<!-- Generated by org.testng.reporters.JUnitReportReporter -->
<testsuite hostname="Sruthi" failures="0" tests="1" name="testNG.Newwindowhandle" time="12.972" errors="0" timestamp="2024-06-01T23:18:49 IST" skipped="0">
  <testcase classname="testNG.Newwindowhandle" name="test1" time="12.972"/>
  <system-out/>
</testsuite> <!-- testNG.Newwindowhandle -->
