<?xml version="1.0" encoding="UTF-8"?>
<!-- Generated by org.testng.reporters.JUnitReportReporter -->
<testsuite hostname="Sruthi" failures="0" tests="1" name="test.FbLoginPageFactoryTest" time="2.467" errors="0" timestamp="2024-05-31T10:56:52 IST" skipped="0">
  <testcase classname="test.FbLoginPageFactoryTest" name="test" time="2.467"/>
  <system-out/>
</testsuite> <!-- test.FbLoginPageFactoryTest -->
