<?xml version="1.0" encoding="UTF-8"?>
<!-- Generated by org.testng.reporters.JUnitReportReporter -->
<testsuite hostname="Sruthi" failures="0" tests="4" name="testNG.TestNGPgm" time="0.000" errors="0" timestamp="2024-05-30T11:41:27 IST" skipped="4">
  <testcase classname="testNG.TestNGPgm" name="test3" time="0.000">
    <skipped/>
  </testcase> <!-- test3 -->
  <system-out/>
  <testcase classname="testNG.TestNGPgm" name="test1" time="0.000">
    <skipped/>
  </testcase> <!-- test1 -->
  <system-out/>
  <testcase classname="testNG.TestNGPgm" name="test1" time="0.000">
    <skipped/>
  </testcase> <!-- test1 -->
  <system-out/>
  <testcase classname="testNG.TestNGPgm" name="test2">
    <skipped/>
  </testcase> <!-- test2 -->
  <system-out/>
</testsuite> <!-- testNG.TestNGPgm -->
